\BOOKMARK [1][-]{section.1}{\376\377\000P\000r\000o\000l\000o\000g\000\040\000s\000o\000u\000r\000c\000e\000\040\000\050\000r\000o\000o\000t\000\051}{}% 1
\BOOKMARK [2][-]{subsection.1.1}{\376\377\000a\000p\000i\000\137\000s\000e\000r\000v\000e\000r\000.\000p\000l}{section.1}% 2
\BOOKMARK [2][-]{subsection.1.2}{\376\377\000c\000o\000n\000f\000i\000g\000.\000p\000l}{section.1}% 3
\BOOKMARK [2][-]{subsection.1.3}{\376\377\000e\000x\000e\000c\000u\000t\000i\000o\000n\000\137\000h\000a\000n\000d\000l\000e\000r\000.\000p\000l}{section.1}% 4
\BOOKMARK [2][-]{subsection.1.4}{\376\377\000h\000e\000r\000m\000e\000n\000e\000u\000t\000i\000c\000\137\000c\000a\000l\000c\000u\000l\000a\000t\000o\000r\000.\000p\000l}{section.1}% 5
\BOOKMARK [2][-]{subsection.1.5}{\376\377\000i\000n\000c\000o\000m\000p\000a\000t\000i\000b\000i\000l\000i\000t\000y\000\137\000s\000e\000m\000a\000n\000t\000i\000c\000s\000.\000p\000l}{section.1}% 6
\BOOKMARK [2][-]{subsection.1.6}{\376\377\000i\000n\000t\000e\000r\000a\000c\000t\000i\000v\000e\000\137\000u\000i\000.\000p\000l}{section.1}% 7
\BOOKMARK [2][-]{subsection.1.7}{\376\377\000j\000a\000s\000o\000n\000.\000p\000l}{section.1}% 8
\BOOKMARK [2][-]{subsection.1.8}{\376\377\000l\000e\000a\000r\000n\000e\000d\000\137\000k\000n\000o\000w\000l\000e\000d\000g\000e\000.\000p\000l}{section.1}% 9
\BOOKMARK [2][-]{subsection.1.9}{\376\377\000l\000e\000a\000r\000n\000e\000d\000\137\000k\000n\000o\000w\000l\000e\000d\000g\000e\000\137\000v\0002\000.\000p\000l}{section.1}% 10
\BOOKMARK [2][-]{subsection.1.10}{\376\377\000l\000e\000a\000r\000n\000e\000r\000\137\0001\000.\000p\000l}{section.1}% 11
\BOOKMARK [2][-]{subsection.1.11}{\376\377\000m\000a\000i\000n\000.\000p\000l}{section.1}% 12
\BOOKMARK [2][-]{subsection.1.12}{\376\377\000m\000e\000t\000a\000\137\000i\000n\000t\000e\000r\000p\000r\000e\000t\000e\000r\000.\000p\000l}{section.1}% 13
\BOOKMARK [2][-]{subsection.1.13}{\376\377\000m\000o\000r\000e\000\137\000m\000a\000c\000h\000i\000n\000e\000\137\000l\000e\000a\000r\000n\000e\000r\000.\000p\000l}{section.1}% 14
\BOOKMARK [2][-]{subsection.1.14}{\376\377\000o\000b\000j\000e\000c\000t\000\137\000l\000e\000v\000e\000l\000.\000p\000l}{section.1}% 15
\BOOKMARK [2][-]{subsection.1.15}{\376\377\000r\000e\000f\000l\000e\000c\000t\000i\000v\000e\000\137\000m\000o\000n\000i\000t\000o\000r\000.\000p\000l}{section.1}% 16
\BOOKMARK [2][-]{subsection.1.16}{\376\377\000r\000e\000o\000r\000g\000a\000n\000i\000z\000a\000t\000i\000o\000n\000\137\000e\000n\000g\000i\000n\000e\000.\000p\000l}{section.1}% 17
\BOOKMARK [2][-]{subsection.1.17}{\376\377\000r\000e\000o\000r\000g\000a\000n\000i\000z\000a\000t\000i\000o\000n\000\137\000l\000o\000g\000.\000p\000l}{section.1}% 18
\BOOKMARK [2][-]{subsection.1.18}{\376\377\000R\000M\000B\000.\000p\000l}{section.1}% 19
\BOOKMARK [2][-]{subsection.1.19}{\376\377\000s\000t\000r\000a\000t\000e\000g\000i\000e\000s\000.\000p\000l}{section.1}% 20
\BOOKMARK [2][-]{subsection.1.20}{\376\377\000t\000e\000s\000t\000\137\000f\000u\000l\000l\000\137\000l\000o\000o\000p\000.\000p\000l}{section.1}% 21
\BOOKMARK [2][-]{subsection.1.21}{\376\377\000t\000e\000s\000t\000\137\000s\000e\000r\000v\000e\000r\000.\000p\000l}{section.1}% 22
\BOOKMARK [2][-]{subsection.1.22}{\376\377\000t\000e\000s\000t\000\137\000s\000y\000n\000t\000h\000e\000s\000i\000s\000.\000p\000l}{section.1}% 23
\BOOKMARK [2][-]{subsection.1.23}{\376\377\000w\000o\000r\000k\000i\000n\000g\000\137\000s\000e\000r\000v\000e\000r\000.\000p\000l}{section.1}% 24
\BOOKMARK [2][-]{subsection.1.24}{\376\377\000s\000i\000m\000p\000l\000e\000\137\000a\000p\000i\000\137\000s\000e\000r\000v\000e\000r\000.\000p\000l}{section.1}% 25
\BOOKMARK [1][-]{section.2}{\376\377\000S\000t\000u\000d\000e\000n\000t\000\040\000s\000t\000r\000a\000t\000e\000g\000y\000\040\000m\000o\000d\000e\000l\000s\000\040\000\050\000S\000A\000R\000\040\000/\000\040\000S\000M\000R\000\051}{}% 26
\BOOKMARK [2][-]{subsection.2.1}{\376\377\000s\000a\000r\000\137\000a\000d\000d\000\137\000c\000h\000u\000n\000k\000i\000n\000g\000.\000p\000l}{section.2}% 27
\BOOKMARK [2][-]{subsection.2.2}{\376\377\000s\000a\000r\000\137\000a\000d\000d\000\137\000c\000o\000b\000o\000.\000p\000l}{section.2}% 28
\BOOKMARK [2][-]{subsection.2.3}{\376\377\000s\000a\000r\000\137\000a\000d\000d\000\137\000r\000m\000b\000.\000p\000l}{section.2}% 29
\BOOKMARK [2][-]{subsection.2.4}{\376\377\000s\000a\000r\000\137\000a\000d\000d\000\137\000r\000o\000u\000n\000d\000i\000n\000g\000.\000p\000l}{section.2}% 30
\BOOKMARK [2][-]{subsection.2.5}{\376\377\000s\000a\000r\000\137\000s\000u\000b\000\137\000c\000b\000b\000o\000\137\000t\000a\000k\000e\000\137\000a\000w\000a\000y\000.\000p\000l}{section.2}% 31
\BOOKMARK [2][-]{subsection.2.6}{\376\377\000s\000a\000r\000\137\000s\000u\000b\000\137\000c\000h\000u\000n\000k\000i\000n\000g\000\137\000a\000.\000p\000l}{section.2}% 32
\BOOKMARK [2][-]{subsection.2.7}{\376\377\000s\000a\000r\000\137\000s\000u\000b\000\137\000c\000h\000u\000n\000k\000i\000n\000g\000\137\000b\000.\000p\000l}{section.2}% 33
\BOOKMARK [2][-]{subsection.2.8}{\376\377\000s\000a\000r\000\137\000s\000u\000b\000\137\000c\000h\000u\000n\000k\000i\000n\000g\000\137\000c\000.\000p\000l}{section.2}% 34
\BOOKMARK [2][-]{subsection.2.9}{\376\377\000s\000a\000r\000\137\000s\000u\000b\000\137\000c\000o\000b\000o\000\137\000m\000i\000s\000s\000i\000n\000g\000\137\000a\000d\000d\000e\000n\000d\000.\000p\000l}{section.2}% 35
\BOOKMARK [2][-]{subsection.2.10}{\376\377\000s\000a\000r\000\137\000s\000u\000b\000\137\000d\000e\000c\000o\000m\000p\000o\000s\000i\000t\000i\000o\000n\000.\000p\000l}{section.2}% 36
\BOOKMARK [2][-]{subsection.2.11}{\376\377\000s\000a\000r\000\137\000s\000u\000b\000\137\000r\000o\000u\000n\000d\000i\000n\000g\000.\000p\000l}{section.2}% 37
\BOOKMARK [2][-]{subsection.2.12}{\376\377\000s\000a\000r\000\137\000s\000u\000b\000\137\000s\000l\000i\000d\000i\000n\000g\000.\000p\000l}{section.2}% 38
\BOOKMARK [2][-]{subsection.2.13}{\376\377\000s\000m\000r\000\137\000d\000i\000v\000\137\000c\000b\000o\000.\000p\000l}{section.2}% 39
\BOOKMARK [2][-]{subsection.2.14}{\376\377\000s\000m\000r\000\137\000d\000i\000v\000\137\000d\000e\000a\000l\000i\000n\000g\000\137\000b\000y\000\137\000o\000n\000e\000s\000.\000p\000l}{section.2}% 40
\BOOKMARK [2][-]{subsection.2.15}{\376\377\000s\000m\000r\000\137\000d\000i\000v\000\137\000i\000d\000p\000.\000p\000l}{section.2}% 41
\BOOKMARK [2][-]{subsection.2.16}{\376\377\000s\000m\000r\000\137\000d\000i\000v\000\137\000u\000c\000r\000.\000p\000l}{section.2}% 42
\BOOKMARK [2][-]{subsection.2.17}{\376\377\000s\000m\000r\000\137\000m\000u\000l\000t\000\137\000c\0002\000c\000.\000p\000l}{section.2}% 43
\BOOKMARK [2][-]{subsection.2.18}{\376\377\000s\000m\000r\000\137\000m\000u\000l\000t\000\137\000c\000b\000o\000.\000p\000l}{section.2}% 44
\BOOKMARK [2][-]{subsection.2.19}{\376\377\000s\000m\000r\000\137\000m\000u\000l\000t\000\137\000c\000o\000m\000m\000u\000t\000a\000t\000i\000v\000e\000\137\000r\000e\000a\000s\000o\000n\000i\000n\000g\000.\000p\000l}{section.2}% 45
\BOOKMARK [2][-]{subsection.2.20}{\376\377\000s\000m\000r\000\137\000m\000u\000l\000t\000\137\000d\000r\000.\000p\000l}{section.2}% 46
\BOOKMARK [1][-]{section.3}{\376\377\000N\000e\000u\000r\000o\000\040\000\050\000b\000r\000i\000d\000g\000e\000,\000\040\000l\000e\000a\000r\000n\000e\000d\000\040\000s\000t\000r\000a\000t\000e\000g\000i\000e\000s\000,\000\040\000t\000e\000s\000t\000s\000\051}{}% 47
\BOOKMARK [2][-]{subsection.3.1}{\376\377\000n\000e\000u\000r\000o\000/\000n\000e\000u\000r\000o\000\137\000s\000y\000m\000b\000o\000l\000i\000c\000\137\000b\000r\000i\000d\000g\000e\000.\000p\000l}{section.3}% 48
\BOOKMARK [2][-]{subsection.3.2}{\376\377\000n\000e\000u\000r\000o\000/\000l\000e\000a\000r\000n\000e\000d\000\137\000k\000n\000o\000w\000l\000e\000d\000g\000e\000\137\000v\0002\000.\000p\000l}{section.3}% 49
\BOOKMARK [2][-]{subsection.3.3}{\376\377\000n\000e\000u\000r\000o\000/\000t\000e\000s\000t\000\137\000s\000y\000n\000t\000h\000e\000s\000i\000s\000.\000p\000l}{section.3}% 50
\BOOKMARK [2][-]{subsection.3.4}{\376\377\000n\000e\000u\000r\000o\000/\000i\000n\000c\000o\000m\000p\000a\000t\000i\000b\000i\000l\000i\000t\000y\000\137\000s\000e\000m\000a\000n\000t\000i\000c\000s\000.\000p\000y}{section.3}% 51
\BOOKMARK [2][-]{subsection.3.5}{\376\377\000n\000e\000u\000r\000o\000/\000i\000n\000c\000o\000m\000p\000a\000t\000i\000b\000i\000l\000i\000t\000y\000\137\000s\000e\000m\000a\000n\000t\000i\000c\000s\000.\000p\000l}{section.3}% 52
\BOOKMARK [1][-]{section.4}{\376\377\000U\000t\000i\000l\000i\000t\000i\000e\000s\000\040\000a\000n\000d\000\040\000s\000c\000r\000i\000p\000t\000s}{}% 53
\BOOKMARK [2][-]{subsection.4.1}{\376\377\000s\000e\000r\000v\000e\000\137\000l\000o\000c\000a\000l\000.\000p\000y}{section.4}% 54
\BOOKMARK [2][-]{subsection.4.2}{\376\377\000s\000t\000a\000r\000t\000\137\000s\000y\000s\000t\000e\000m\000.\000s\000h}{section.4}% 55
\BOOKMARK [2][-]{subsection.4.3}{\376\377\000c\000o\000u\000n\000t\000i\000n\000g\0002\000.\000p\000y}{section.4}% 56
\BOOKMARK [2][-]{subsection.4.4}{\376\377\000c\000o\000u\000n\000t\000i\000n\000g\0002\000.\000p\000l}{section.4}% 57
\BOOKMARK [2][-]{subsection.4.5}{\376\377\000c\000o\000u\000n\000t\000i\000n\000g\000\137\000o\000n\000\137\000b\000a\000c\000k\000.\000p\000y}{section.4}% 58
\BOOKMARK [2][-]{subsection.4.6}{\376\377\000c\000o\000u\000n\000t\000i\000n\000g\000\137\000o\000n\000\137\000b\000a\000c\000k\000.\000p\000l}{section.4}% 59
\BOOKMARK [2][-]{subsection.4.7}{\376\377\000l\000e\000a\000r\000n\000e\000r\000\137\0001\000.\000p\000l}{section.4}% 60
\BOOKMARK [1][-]{section.5}{\376\377\000F\000r\000o\000n\000t\000e\000n\000d\000\040\000\050\000H\000T\000M\000L\000\040\000/\000\040\000J\000S\000\040\000/\000\040\000C\000S\000S\000\051}{}% 61
\BOOKMARK [2][-]{subsection.5.1}{\376\377\000i\000n\000d\000e\000x\000.\000h\000t\000m\000l}{section.5}% 62
\BOOKMARK [2][-]{subsection.5.2}{\376\377\000c\000o\000g\000n\000i\000t\000i\000o\000n\000\137\000v\000i\000z\000.\000h\000t\000m\000l}{section.5}% 63
\BOOKMARK [2][-]{subsection.5.3}{\376\377\000s\000c\000r\000i\000p\000t\000.\000j\000s}{section.5}% 64
\BOOKMARK [2][-]{subsection.5.4}{\376\377\000s\000t\000y\000l\000e\000.\000c\000s\000s}{section.5}% 65
\BOOKMARK [1][-]{section.6}{\376\377\000F\000r\000a\000c\000t\000i\000o\000n\000\040\000a\000n\000d\000\040\000a\000r\000i\000t\000h\000m\000e\000t\000i\000c\000\040\000h\000e\000l\000p\000e\000r\000s}{}% 66
\BOOKMARK [2][-]{subsection.6.1}{\376\377\000j\000a\000s\000o\000n\000.\000p\000l}{section.6}% 67
\BOOKMARK [1][-]{section.7}{\376\377\000O\000t\000h\000e\000r\000\040\000n\000o\000t\000a\000b\000l\000e\000\040\000f\000i\000l\000e\000s}{}% 68
\BOOKMARK [2][-]{subsection.7.1}{\376\377\000l\000e\000a\000r\000n\000e\000d\000\137\000k\000n\000o\000w\000l\000e\000d\000g\000e\000\137\000v\0002\000.\000p\000l}{section.7}% 69
\BOOKMARK [2][-]{subsection.7.2}{\376\377\000m\000o\000r\000e\000\137\000m\000a\000c\000h\000i\000n\000e\000\137\000l\000e\000a\000r\000n\000e\000r\000.\000p\000l}{section.7}% 70
\BOOKMARK [2][-]{subsection.7.3}{\376\377\000h\000e\000r\000m\000e\000n\000e\000u\000t\000i\000c\000\137\000c\000a\000l\000c\000u\000l\000a\000t\000o\000r\000.\000p\000l}{section.7}% 71
\BOOKMARK [2][-]{subsection.7.4}{\376\377\000e\000x\000e\000c\000u\000t\000i\000o\000n\000\137\000h\000a\000n\000d\000l\000e\000r\000.\000p\000l}{section.7}% 72
\BOOKMARK [2][-]{subsection.7.5}{\376\377\000r\000e\000o\000r\000g\000a\000n\000i\000z\000a\000t\000i\000o\000n\000\137\000e\000n\000g\000i\000n\000e\000.\000p\000l}{section.7}% 73
\BOOKMARK [1][-]{section.8}{\376\377\000R\000e\000p\000o\000s\000i\000t\000o\000r\000y\000\040\000R\000E\000A\000D\000M\000E}{}% 74
\BOOKMARK [2][-]{subsection.8.1}{\376\377\000r\000e\000a\000d\000m\000e\000.\000m\000d}{section.8}% 75
